Unity Editor version:    6000.2.6f1 (cc51a95c0300)
Branch:                  6000.2/staging
Build type:              Release
Batch mode:              YES
System name:             Linux
Distro version:          #85-Ubuntu SMP PREEMPT_DYNAMIC Thu Sep 18 15:26:59 UTC 2025
Kernel version:          6.8.0-85-generic
Architecture:            x86_64
Available memory:        32014 MB
Date:                    2025-10-12T03:59:54Z
[Licensing::Module] Trying to connect to existing licensing client channel...
[Licensing::IpcConnector] Successfully connected to: "LicenseClient-chris" at "2025-10-12T03:59:54.292155Z"
[SignatureVerifier] Application signature verification not supported on this platform.
[Licensing::Client] Error: HandshakeResponse reported an error:
	ResponseCode: 505
	ResponseStatus: Unsupported protocol version '1.17.2'.
[Licensing::Module] Error: Failed to handshake to channel: "LicenseClient-chris"
[Licensing::IpcConnector] LicenseClient-chris channel disconnected successfully.
[Licensing::IpcConnector] Successfully connected to: "LicenseClient-chris-6000.2.6" at "2025-10-12T03:59:54.293953Z"
[SignatureVerifier] Application signature verification not supported on this platform.
[Licensing::Client] Handshaking with LicensingClient:
  Version:                 1.17.2+ff71f16
  Session Id:              861b564106ae45958fad64c5c16792e8
  Correlation Id:          e806698660627f7a77ccd1da228ad372
  External correlation Id: 4720262976404416768
  Machine Id:              CkVULiq68Lg8pNhrBvalZA0kDTw=
[Licensing::Module] Successfully connected to LicensingClient on channel: "LicenseClient-chris-6000.2.6" (connect: 0.00s, validation: 0.00s, handshake: 0.00s)
[Licensing::IpcConnector] Successfully connected to: "LicenseClient-chris-6000.2.6-notifications" at "2025-10-12T03:59:54.296106Z"
[Licensing::Module] Licensing Background thread has ended after 0.00s
Selected window backend: (null) 
Gtk-Message: 23:59:54.966: Failed to load module "colorreload-gtk-module"
Gtk-Message: 23:59:54.966: Failed to load module "window-decorations-gtk-module"
Desktop is 2560 x 1440 @ 60 Hz
Initialize udev device monitor.

COMMAND LINE ARGUMENTS:
Unity
-adb2
-batchMode
-noUpm
-name
AssetImportWorker5
-projectPath
/home/chris/code/ripped_flightgoggles/ripped_flightgoggles/ExportedProject
-logFile
Logs/AssetImportWorker5.log
-srvPort
45003
-licensingIpc
LicenseClient-chris
-job-worker-count
7
-background-job-worker-count
8
-gc-helper-count
1
Successfully changed project path to: /home/chris/code/ripped_flightgoggles/ripped_flightgoggles/ExportedProject

(Unity:328783): Gtk-CRITICAL **: 23:59:55.072: gtk_label_set_text: assertion 'GTK_IS_LABEL (label)' failed

(Unity:328783): Gtk-CRITICAL **: 23:59:55.072: gtk_label_set_text: assertion 'GTK_IS_LABEL (label)' failed
/home/chris/code/ripped_flightgoggles/ripped_flightgoggles/ExportedProject
[UnityMemory] Configuration Parameters - Can be set up in boot.config
    "memorysetup-allocator-temp-initial-block-size-main=262144"
    "memorysetup-allocator-temp-initial-block-size-worker=262144"
    "memorysetup-bucket-allocator-granularity=16"
    "memorysetup-bucket-allocator-bucket-count=8"
    "memorysetup-bucket-allocator-block-size=33554432"
    "memorysetup-bucket-allocator-block-count=8"
    "memorysetup-main-allocator-block-size=16777216"
    "memorysetup-thread-allocator-block-size=16777216"
    "memorysetup-gfx-main-allocator-block-size=16777216"
    "memorysetup-gfx-thread-allocator-block-size=16777216"
    "memorysetup-cache-allocator-block-size=4194304"
    "memorysetup-typetree-allocator-block-size=2097152"
    "memorysetup-profiler-bucket-allocator-granularity=16"
    "memorysetup-profiler-bucket-allocator-bucket-count=8"
    "memorysetup-profiler-bucket-allocator-block-size=33554432"
    "memorysetup-profiler-bucket-allocator-block-count=8"
    "memorysetup-profiler-allocator-block-size=16777216"
    "memorysetup-profiler-editor-allocator-block-size=1048576"
    "memorysetup-temp-allocator-size-main=16777216"
    "memorysetup-job-temp-allocator-block-size=2097152"
    "memorysetup-job-temp-allocator-block-size-background=1048576"
    "memorysetup-job-temp-allocator-reduction-small-platforms=262144"
    "memorysetup-temp-allocator-size-background-worker=32768"
    "memorysetup-temp-allocator-size-job-worker=262144"
    "memorysetup-temp-allocator-size-preload-manager=33554432"
    "memorysetup-temp-allocator-size-nav-mesh-worker=65536"
    "memorysetup-temp-allocator-size-audio-worker=65536"
    "memorysetup-temp-allocator-size-cloud-worker=32768"
    "memorysetup-temp-allocator-size-gi-baking-worker=262144"
    "memorysetup-temp-allocator-size-gi-baking-worker=262144"
    "memorysetup-temp-allocator-size-gi-baking-worker=262144"
    "memorysetup-temp-allocator-size-gi-baking-worker=262144"
    "memorysetup-temp-allocator-size-gi-baking-worker=262144"
    "memorysetup-temp-allocator-size-gfx=262144"
Player connection [131323535235840]  Target information:

Player connection [131323535235840]  * "[IP] 10.50.21.124 [Port] 0 [Flags] 2 [Guid] 962257805 [EditorId] 962257805 [Version] 1048832 [Id] LinuxEditor(16,10.50.21.124) [Debug] 1 [PackageName] LinuxEditor [ProjectName] Editor" 

Player connection [131323535235840]  * "[IP] 192.168.122.1 [Port] 0 [Flags] 2 [Guid] 962257805 [EditorId] 962257805 [Version] 1048832 [Id] LinuxEditor(16,10.50.21.124) [Debug] 1 [PackageName] LinuxEditor [ProjectName] Editor" 

Player connection [131323535235840]  * "[IP] 10.191.94.1 [Port] 0 [Flags] 2 [Guid] 962257805 [EditorId] 962257805 [Version] 1048832 [Id] LinuxEditor(16,10.50.21.124) [Debug] 1 [PackageName] LinuxEditor [ProjectName] Editor" 

Player connection [131323535235840]  * "[IP] 172.17.0.1 [Port] 0 [Flags] 2 [Guid] 962257805 [EditorId] 962257805 [Version] 1048832 [Id] LinuxEditor(16,10.50.21.124) [Debug] 1 [PackageName] LinuxEditor [ProjectName] Editor" 

Player connection [131323535235840] Host joined multi-casting on [225.0.0.222:54997]...
Player connection [131323535235840] Host joined alternative multi-casting on [225.0.0.222:34997]...
JobSystem: Creating JobQueue using job-worker-count value 7
Input System module state changed to: Initialized.
[Physics::Module] Initialized fallback backend.
[Physics::Module] Id: 0xdecafbad
Library Redirect Path: Library/
[Physics::Module] Selected backend.
[Physics::Module] Name: PhysX
[Physics::Module] Id: 0xf2b8ea05
[Physics::Module] SDK Version: 4.1.2
[Physics::Module] Integration Version: 1.0.0
[Physics::Module] Threading Mode: Multi-Threaded
Active build profile path: `Assets/Settings/Build Profiles/Web - Desktop - Release.asset`
Got setting from build profile YAML, name `m_BuildTarget`, value `20`
Got setting from build profile YAML, name `m_Subtarget`, value `0`
Refreshing native plugins compatible for Editor in 0.10 ms, found 0 plugins.
Preloading 0 native plugins for Editor in 0.00 ms.
Initialize engine version: 6000.2.6f1 (cc51a95c0300)
[Subsystems] Discovering subsystems at path /home/chris/Unity/Hub/Editor/6000.2.6f1/Editor/Data/Resources/UnitySubsystems
[Subsystems] Discovering subsystems at path /home/chris/code/ripped_flightgoggles/ripped_flightgoggles/ExportedProject/Assets
kGfxThreadingModeNonThreaded is not supported on OpenGL Core. Reverting to kGfxThreadingModeDirect instead.
GfxDevice: creating device client; kGfxThreadingModeDirect
GLX Extensions: GLX_ARB_get_proc_address GLX_ARB_multisample GLX_EXT_visual_info GLX_EXT_visual_rating GLX_EXT_import_context GLX_SGI_video_sync GLX_SGIX_fbconfig GLX_SGIX_pbuffer GLX_SGI_swap_control GLX_EXT_swap_control GLX_EXT_swap_control_tear GLX_EXT_buffer_age GLX_ARB_create_context GLX_ARB_create_context_profile GLX_NV_float_buffer GLX_ARB_fbconfig_float GLX_EXT_texture_from_pixmap GLX_EXT_framebuffer_sRGB GLX_NV_copy_image GLX_EXT_create_context_es_profile GLX_EXT_create_context_es2_profile GLX_ARB_create_context_no_error GLX_ARB_create_context_robustness GLX_NV_delay_before_swap GLX_EXT_stereo_tree GLX_ARB_context_flush_control GLX_NV_robustness_video_memory_purge GLX_NV_multigpu_context 
Renderer: NVIDIA GeForce RTX 3070/PCIe/SSE2
Vendor:   NVIDIA Corporation
Version:  4.5.0 NVIDIA 570.172.08
GLES:     0
 GL_AMD_multi_draw_indirect GL_AMD_seamless_cubemap_per_texture GL_AMD_vertex_shader_viewport_index GL_AMD_vertex_shader_layer GL_ARB_arrays_of_arrays GL_ARB_base_instance GL_ARB_bindless_texture GL_ARB_blend_func_extended GL_ARB_buffer_storage GL_ARB_clear_buffer_object GL_ARB_clear_texture GL_ARB_clip_control GL_ARB_color_buffer_float GL_ARB_compressed_texture_pixel_storage GL_ARB_conservative_depth GL_ARB_compute_shader GL_ARB_compute_variable_group_size GL_ARB_conditional_render_inverted GL_ARB_copy_buffer GL_ARB_copy_image GL_ARB_cull_distance GL_ARB_debug_output GL_ARB_depth_buffer_float GL_ARB_depth_clamp GL_ARB_depth_texture GL_ARB_derivative_control GL_ARB_direct_state_access GL_ARB_draw_buffers GL_ARB_draw_buffers_blend GL_ARB_draw_indirect GL_ARB_draw_elements_base_vertex GL_ARB_draw_instanced GL_ARB_enhanced_layouts GL_ARB_ES2_compatibility GL_ARB_ES3_compatibility GL_ARB_ES3_1_compatibility GL_ARB_ES3_2_compatibility GL_ARB_explicit_attrib_location GL_ARB_explicit_uniform_location GL_ARB_fragmen
t_coord_conventions GL_ARB_fragment_layer_viewport GL_ARB_fragment_program GL_ARB_fragment_program_shadow GL_ARB_fragment_shader GL_ARB_fragment_shader_interlock GL_ARB_framebuffer_no_attachments GL_ARB_framebuffer_object GL_ARB_framebuffer_sRGB GL_ARB_geometry_shader4 GL_ARB_get_program_binary GL_ARB_get_texture_sub_image GL_ARB_gl_spirv GL_ARB_gpu_shader5 GL_ARB_gpu_shader_fp64 GL_ARB_gpu_shader_int64 GL_ARB_half_float_pixel GL_ARB_half_float_vertex GL_ARB_imaging GL_ARB_indirect_parameters GL_ARB_instanced_arrays GL_ARB_internalformat_query GL_ARB_internalformat_query2 GL_ARB_invalidate_subdata GL_ARB_map_buffer_alignment GL_ARB_map_buffer_range GL_ARB_multi_bind GL_ARB_multi_draw_indirect GL_ARB_multisample GL_ARB_multitexture GL_ARB_occlusion_query GL_ARB_occlusion_query2 GL_ARB_parallel_shader_compile GL_ARB_pipeline_statistics_query GL_ARB_pixel_buffer_object GL_ARB_point_parameters GL_ARB_point_sprite GL_ARB_polygon_offset_clamp GL_ARB_post_depth_coverage GL_ARB_program_interface_query GL_ARB_provoki
ng_vertex GL_ARB_query_buffer_object GL_ARB_robust_buffer_access_behavior GL_ARB_robustness GL_ARB_sample_locations GL_ARB_sample_shading GL_ARB_sampler_objects GL_ARB_seamless_cube_map GL_ARB_seamless_cubemap_per_texture GL_ARB_separate_shader_objects GL_ARB_shader_atomic_counter_ops GL_ARB_shader_atomic_counters GL_ARB_shader_ballot GL_ARB_shader_bit_encoding GL_ARB_shader_clock GL_ARB_shader_draw_parameters GL_ARB_shader_group_vote GL_ARB_shader_image_load_store GL_ARB_shader_image_size GL_ARB_shader_objects GL_ARB_shader_precision GL_ARB_shader_storage_buffer_object GL_ARB_shader_subroutine GL_ARB_shader_texture_image_samples GL_ARB_shader_texture_lod GL_ARB_shading_language_100 GL_ARB_shader_viewport_layer_array GL_ARB_shading_language_420pack GL_ARB_shading_language_include GL_ARB_shading_language_packing GL_ARB_shadow GL_ARB_sparse_buffer GL_ARB_sparse_texture GL_ARB_sparse_texture2 GL_ARB_sparse_texture_clamp GL_ARB_spirv_extensions GL_ARB_stencil_texturing GL_ARB_sync GL_ARB_tessellation_shader GL_A
RB_texture_barrier GL_ARB_texture_border_clamp GL_ARB_texture_buffer_object GL_ARB_texture_buffer_object_rgb32 GL_ARB_texture_buffer_range GL_ARB_texture_compression GL_ARB_texture_compression_bptc GL_ARB_texture_compression_rgtc GL_ARB_texture_cube_map GL_ARB_texture_cube_map_array GL_ARB_texture_env_add GL_ARB_texture_env_combine GL_ARB_texture_env_crossbar GL_ARB_texture_env_dot3 GL_ARB_texture_filter_anisotropic GL_ARB_texture_filter_minmax GL_ARB_texture_float GL_ARB_texture_gather GL_ARB_texture_mirror_clamp_to_edge GL_ARB_texture_mirrored_repeat GL_ARB_texture_multisample GL_ARB_texture_non_power_of_two GL_ARB_texture_query_levels GL_ARB_texture_query_lod GL_ARB_texture_rectangle GL_ARB_texture_rg GL_ARB_texture_rgb10_a2ui GL_ARB_texture_stencil8 GL_ARB_texture_storage GL_ARB_texture_storage_multisample GL_ARB_texture_swizzle GL_ARB_texture_view GL_ARB_timer_query GL_ARB_transform_feedback2 GL_ARB_transform_feedback3 GL_ARB_transform_feedback_instanced GL_ARB_transform_feedback_overflow_query GL_ARB_t
ranspose_matrix GL_ARB_uniform_buffer_object GL_ARB_vertex_array_bgra GL_ARB_vertex_array_object GL_ARB_vertex_attrib_64bit GL_ARB_vertex_attrib_binding GL_ARB_vertex_buffer_object GL_ARB_vertex_program GL_ARB_vertex_shader GL_ARB_vertex_type_10f_11f_11f_rev GL_ARB_vertex_type_2_10_10_10_rev GL_ARB_viewport_array GL_ARB_window_pos GL_ATI_draw_buffers GL_ATI_texture_float GL_ATI_texture_mirror_once GL_S3_s3tc GL_EXT_texture_env_add GL_EXT_abgr GL_EXT_bgra GL_EXT_bindable_uniform GL_EXT_blend_color GL_EXT_blend_equation_separate GL_EXT_blend_func_separate GL_EXT_blend_minmax GL_EXT_blend_subtract GL_EXT_compiled_vertex_array GL_EXT_Cg_shader GL_EXT_depth_bounds_test GL_EXT_direct_state_access GL_EXT_draw_buffers2 GL_EXT_draw_instanced GL_EXT_draw_range_elements GL_EXT_fog_coord GL_EXT_framebuffer_blit GL_EXT_framebuffer_multisample GL_EXTX_framebuffer_mixed_formats GL_EXT_framebuffer_multisample_blit_scaled GL_EXT_framebuffer_object GL_EXT_framebuffer_sRGB GL_EXT_geometry_shader4 GL_EXT_gpu_program_parameters 
GL_EXT_gpu_shader4 GL_EXT_multi_draw_arrays GL_EXT_multiview_texture_multisample GL_EXT_multiview_timer_query GL_EXT_packed_depth_stencil GL_EXT_packed_float GL_EXT_packed_pixels GL_EXT_pixel_buffer_object GL_EXT_point_parameters GL_EXT_polygon_offset_clamp GL_EXT_post_depth_coverage GL_EXT_provoking_vertex GL_EXT_raster_multisample GL_EXT_rescale_normal GL_EXT_secondary_color GL_EXT_separate_shader_objects GL_EXT_separate_specular_color GL_EXT_shader_image_load_formatted GL_EXT_shader_image_load_store GL_EXT_shader_integer_mix GL_EXT_shadow_funcs GL_EXT_sparse_texture2 GL_EXT_stencil_two_side GL_EXT_stencil_wrap GL_EXT_texture3D GL_EXT_texture_array GL_EXT_texture_buffer_object GL_EXT_texture_compression_dxt1 GL_EXT_texture_compression_latc GL_EXT_texture_compression_rgtc GL_EXT_texture_compression_s3tc GL_EXT_texture_cube_map GL_EXT_texture_edge_clamp GL_EXT_texture_env_combine GL_EXT_texture_env_dot3 GL_EXT_texture_filter_anisotropic GL_EXT_texture_filter_minmax GL_EXT_texture_integer GL_EXT_texture_lod G
L_EXT_texture_lod_bias GL_EXT_texture_mirror_clamp GL_EXT_texture_object GL_EXT_texture_shadow_lod GL_EXT_texture_shared_exponent GL_EXT_texture_sRGB GL_EXT_texture_sRGB_R8 GL_EXT_texture_sRGB_decode GL_EXT_texture_storage GL_EXT_texture_swizzle GL_EXT_timer_query GL_EXT_transform_feedback2 GL_EXT_vertex_array GL_EXT_vertex_array_bgra GL_EXT_vertex_attrib_64bit GL_EXT_window_rectangles GL_EXT_x11_sync_object GL_EXT_import_sync_object GL_NV_robustness_video_memory_purge GL_IBM_rasterpos_clip GL_IBM_texture_mirrored_repeat GL_KHR_context_flush_control GL_KHR_debug GL_EXT_memory_object GL_EXT_memory_object_fd GL_NV_memory_object_sparse GL_KHR_parallel_shader_compile GL_KHR_no_error GL_KHR_robust_buffer_access_behavior GL_KHR_robustness GL_EXT_semaphore GL_EXT_semaphore_fd GL_NV_timeline_semaphore GL_KHR_shader_subgroup GL_KTX_buffer_region GL_NV_alpha_to_coverage_dither_control GL_NV_bindless_multi_draw_indirect GL_NV_bindless_multi_draw_indirect_count GL_NV_bindless_texture GL_NV_blend_equation_advanced GL_NV_
blend_equation_advanced_coherent GL_NVX_blend_equation_advanced_multi_draw_buffers GL_NV_blend_minmax_factor GL_NV_blend_square GL_NV_clip_space_w_scaling GL_NV_command_list GL_NV_compute_program5 GL_NV_compute_shader_derivatives GL_NV_conditional_render GL_NV_conservative_raster GL_NV_conservative_raster_dilate GL_NV_conservative_raster_pre_snap GL_NV_conservative_raster_pre_snap_triangles GL_NV_conservative_raster_underestimation GL_NV_copy_depth_to_color GL_NV_copy_image GL_NV_depth_buffer_float GL_NV_depth_clamp GL_NV_draw_texture GL_NV_draw_vulkan_image GL_NV_ES1_1_compatibility GL_NV_ES3_1_compatibility GL_NV_explicit_multisample GL_NV_feature_query GL_NV_fence GL_NV_fill_rectangle GL_NV_float_buffer GL_NV_fog_distance GL_NV_fragment_coverage_to_color GL_NV_fragment_program GL_NV_fragment_program_option GL_NV_fragment_program2 GL_NV_fragment_shader_barycentric GL_NV_fragment_shader_interlock GL_NV_framebuffer_mixed_samples GL_NV_framebuffer_multisample_coverage GL_NV_geometry_shader4 GL_NV_geometry_sha
der_passthrough GL_NV_gpu_program4 GL_NV_internalformat_sample_query GL_NV_gpu_program4_1 GL_NV_gpu_program5 GL_NV_gpu_program5_mem_extended GL_NV_gpu_program_fp64 GL_NV_gpu_program_multiview GL_NV_gpu_shader5 GL_NV_half_float GL_NV_light_max_exponent GL_NV_memory_attachment GL_NV_mesh_shader GL_NV_multisample_coverage GL_NV_multisample_filter_hint GL_NV_occlusion_query GL_NV_packed_depth_stencil GL_NV_parameter_buffer_object GL_NV_parameter_buffer_object2 GL_NV_path_rendering GL_NV_path_rendering_shared_edge GL_NV_pixel_data_range GL_NV_point_sprite GL_NV_primitive_restart GL_NV_primitive_shading_rate GL_NV_query_resource GL_NV_query_resource_tag GL_NV_register_combiners GL_NV_register_combiners2 GL_NV_representative_fragment_test GL_NV_sample_locations GL_NV_sample_mask_override_coverage GL_NV_scissor_exclusive GL_NV_shader_atomic_counters GL_NV_shader_atomic_float GL_NV_shader_atomic_float64 GL_NV_shader_atomic_fp16_vector GL_NV_shader_atomic_int64 GL_NV_shader_buffer_load GL_NV_shader_storage_buffer_obje
ct GL_NV_shader_subgroup_partitioned GL_NV_shader_texture_footprint GL_NV_shading_rate_image GL_NV_stereo_view_rendering GL_NV_texgen_reflection GL_NV_texture_barrier GL_NV_texture_compression_vtc GL_NV_texture_dirty_tile_map GL_NV_texture_env_combine4 GL_NV_texture_multisample GL_NV_texture_rectangle GL_NV_texture_rectangle_compressed GL_NV_texture_shader GL_NV_texture_shader2 GL_NV_texture_shader3 GL_NV_transform_feedback GL_NV_transform_feedback2 GL_NV_uniform_buffer_unified_memory GL_NV_uniform_buffer_std430_layout GL_NV_vdpau_interop GL_NV_vdpau_interop2 GL_NV_vertex_array_range GL_NV_vertex_array_range2 GL_NV_vertex_attrib_integer_64bit GL_NV_vertex_buffer_unified_memory GL_NV_vertex_program GL_NV_vertex_program1_1 GL_NV_vertex_program2 GL_NV_vertex_program2_option GL_NV_vertex_program3 GL_NV_viewport_array2 GL_NV_viewport_swizzle GL_NVX_conditional_render GL_NV_gpu_multicast GL_NVX_progress_fence GL_NVX_gpu_memory_info GL_NVX_nvenc_interop GL_NV_shader_thread_group GL_NV_shader_thread_shuffle GL_KHR_b
lend_equation_advanced GL_KHR_blend_equation_advanced_coherent GL_OVR_multiview GL_OVR_multiview2 GL_SGIS_generate_mipmap GL_SGIS_texture_lod GL_SGIX_depth_texture GL_SGIX_shadow GL_SUN_slice_accum
OPENGL LOG: Creating OpenGL 4.5 graphics device ; Context level  <OpenGL 4.5> ; Context handle 1061069160
Initialize mono
Mono path[0] = '/home/chris/Unity/Hub/Editor/6000.2.6f1/Editor/Data/Managed'
Mono path[1] = '/home/chris/Unity/Hub/Editor/6000.2.6f1/Editor/Data/MonoBleedingEdge/lib/mono/unityjit-linux'
Mono config path = '/home/chris/Unity/Hub/Editor/6000.2.6f1/Editor/Data/MonoBleedingEdge/etc'
Using monoOptions --debugger-agent=transport=dt_socket,embedding=1,server=y,suspend=n,address=127.0.0.1:56783
Begin MonoManager ReloadAssembly
Registering precompiled unity dll's ...
Register platform support module: /home/chris/Unity/Hub/Editor/6000.2.6f1/Editor/Data/PlaybackEngines/WebGLSupport/UnityEditor.WebGL.Extensions.dll
Register platform support module: /home/chris/Unity/Hub/Editor/6000.2.6f1/Editor/Data/PlaybackEngines/WindowsStandaloneSupport/UnityEditor.WindowsStandalone.Extensions.dll
Register platform support module: /home/chris/Unity/Hub/Editor/6000.2.6f1/Editor/Data/PlaybackEngines/LinuxStandaloneSupport/UnityEditor.LinuxStandalone.Extensions.dll
Registered in 0.002678 seconds.
- Loaded All Assemblies, in  0.390 seconds
Native extension for LinuxStandalone target not found
Native extension for WindowsStandalone target not found
Native extension for WebGL target not found
Mono: successfully reloaded assembly
- Finished resetting the current domain, in  0.382 seconds
Domain Reload Profiling: 771ms
	BeginReloadAssembly (93ms)
		ExecutionOrderSort (0ms)
		DisableScriptedObjects (0ms)
		BackupInstance (0ms)
		ReleaseScriptingObjects (0ms)
		CreateAndSetChildDomain (1ms)
	RebuildCommonClasses (46ms)
	RebuildNativeTypeToScriptingClass (9ms)
	initialDomainReloadingComplete (55ms)
	LoadAllAssembliesAndSetupDomain (186ms)
		LoadAssemblies (92ms)
		RebuildTransferFunctionScriptingTraits (0ms)
		AnalyzeDomain (183ms)
			TypeCache.Refresh (181ms)
				TypeCache.ScanAssembly (167ms)
			BuildScriptInfoCaches (0ms)
			ResolveRequiredComponents (0ms)
	FinalizeReload (382ms)
		ReleaseScriptCaches (0ms)
		RebuildScriptCaches (0ms)
		SetupLoadedEditorAssemblies (343ms)
			LogAssemblyErrors (0ms)
			InitializePlatformSupportModulesInManaged (59ms)
			SetLoadedEditorAssemblies (4ms)
			BeforeProcessingInitializeOnLoad (70ms)
			ProcessInitializeOnLoadAttributes (153ms)
			ProcessInitializeOnLoadMethodAttributes (57ms)
			AfterProcessingInitializeOnLoad (0ms)
			EditorAssembliesLoaded (0ms)
		ExecutionOrderSort2 (0ms)
		AwakeInstancesAfterBackupRestoration (0ms)
========================================================================
Worker process is ready to serve import requests
Import Worker Mode flag is 0x00
Begin MonoManager ReloadAssembly
Got setting from build profile YAML, name `m_Development`, value `0`
[Licensing::Client] Successfully resolved entitlement details
[Licensing::Module] License group:
  Id: F4-4CMB-NXWW-CSQG-YMKE-XXXX
  Product: Unity Personal
  Type: ULF
  Expiration: Unlimited
[Licensing::Module] License group:
  Id: 2474316165125-UnityPersXXXX
  Product: Unity Personal
  Type: Assigned
  Expiration: Unlimited
AutoLocale: current locale expects 'C' but got 'en_US.UTF-8'Launched and connected shader compiler UnityShaderCompiler after 0.01 seconds
- Loaded All Assemblies, in  0.562 seconds
Refreshing native plugins compatible for Editor in 0.05 ms, found 0 plugins.
Native extension for LinuxStandalone target not found
Native extension for WindowsStandalone target not found
Native extension for WebGL target not found
Mono: successfully reloaded assembly
- Finished resetting the current domain, in  0.359 seconds
Domain Reload Profiling: 921ms
	BeginReloadAssembly (324ms)
		ExecutionOrderSort (0ms)
		DisableScriptedObjects (131ms)
		BackupInstance (0ms)
		ReleaseScriptingObjects (0ms)
		CreateAndSetChildDomain (40ms)
	RebuildCommonClasses (44ms)
	RebuildNativeTypeToScriptingClass (10ms)
	initialDomainReloadingComplete (27ms)
	LoadAllAssembliesAndSetupDomain (157ms)
		LoadAssemblies (180ms)
		RebuildTransferFunctionScriptingTraits (0ms)
		AnalyzeDomain (40ms)
			TypeCache.Refresh (27ms)
				TypeCache.ScanAssembly (19ms)
			BuildScriptInfoCaches (7ms)
			ResolveRequiredComponents (2ms)
	FinalizeReload (360ms)
		ReleaseScriptCaches (0ms)
		RebuildScriptCaches (0ms)
		SetupLoadedEditorAssemblies (238ms)
			LogAssemblyErrors (0ms)
			InitializePlatformSupportModulesInManaged (7ms)
			SetLoadedEditorAssemblies (3ms)
			BeforeProcessingInitializeOnLoad (81ms)
			ProcessInitializeOnLoadAttributes (111ms)
			ProcessInitializeOnLoadMethodAttributes (29ms)
			AfterProcessingInitializeOnLoad (6ms)
			EditorAssembliesLoaded (0ms)
		ExecutionOrderSort2 (0ms)
		AwakeInstancesAfterBackupRestoration (21ms)
Refreshing native plugins compatible for Editor in 0.08 ms, found 0 plugins.
Preloading 0 native plugins for Editor in 0.00 ms.
Unloading 1 Unused Serialized files (Serialized files now loaded: 0)
Unloading 950 unused Assets / (106.7 KB). Loaded Objects now: 1572.
Memory consumption went from 64.9 MB to 64.8 MB.
Total: 4.615236 ms (FindLiveObjects: 0.148969 ms CreateObjectMapping: 0.039364 ms MarkObjects: 4.214224 ms  DeleteObjects: 0.211466 ms)

========================================================================
Received Import Request.
  Time since last request: 40967.218597 seconds.
  path: Assets/Mesh/railing.asset
  artifactKey: Guid(06e42527803b26b4288ad9667e1c4282) Importer(815301076,1909f56bfc062723c751e8b465ee728b)
Start importing Assets/Mesh/railing.asset using Guid(06e42527803b26b4288ad9667e1c4282) Importer(815301076,1909f56bfc062723c751e8b465ee728b) (PreviewImporter) -> (artifact id: '78e6262ea4808083810b157a352ebb65') in 0.096140438 seconds
Number of updated asset objects reloaded before import = 0Number of asset objects unloaded after import = 2

========================================================================
Received Import Request.
  Time since last request: 0.309207 seconds.
  path: Assets/Mesh/railings_0101.asset
  artifactKey: Guid(d983fa6755e3abb4a95739d6c6718d70) Importer(815301076,1909f56bfc062723c751e8b465ee728b)
Start importing Assets/Mesh/railings_0101.asset using Guid(d983fa6755e3abb4a95739d6c6718d70) Importer(815301076,1909f56bfc062723c751e8b465ee728b) (PreviewImporter) -> (artifact id: '903beda06a7fc61f3bb4920bf1e53143') in 0.004916261 seconds
Number of updated asset objects reloaded before import = 0Number of asset objects unloaded after import = 2

========================================================================
Received Import Request.
  Time since last request: 0.000033 seconds.
  path: Assets/Mesh/railings_0102.asset
  artifactKey: Guid(b9a4421a403c7614680d55253de28c0c) Importer(815301076,1909f56bfc062723c751e8b465ee728b)
Start importing Assets/Mesh/railings_0102.asset using Guid(b9a4421a403c7614680d55253de28c0c) Importer(815301076,1909f56bfc062723c751e8b465ee728b) (PreviewImporter) -> (artifact id: '5b6267a69c3db7553b4064ca8709ca27') in 0.023646521 seconds
Number of updated asset objects reloaded before import = 0Number of asset objects unloaded after import = 2

========================================================================
Received Import Request.
  Time since last request: 0.235495 seconds.
  path: Assets/Mesh/rails_0102.asset
  artifactKey: Guid(46d14ed6b6a67c54aa9f151433155228) Importer(815301076,1909f56bfc062723c751e8b465ee728b)
Start importing Assets/Mesh/rails_0102.asset using Guid(46d14ed6b6a67c54aa9f151433155228) Importer(815301076,1909f56bfc062723c751e8b465ee728b) (PreviewImporter) -> (artifact id: '75f37dbcdb82f410023ab9779f93fe5d') in 0.087832175 seconds
Number of updated asset objects reloaded before import = 0Number of asset objects unloaded after import = 2

========================================================================
Received Import Request.
  Time since last request: 0.317607 seconds.
  path: Assets/Mesh/ramp_0.asset
  artifactKey: Guid(7b3c91ad4731f6f44bcb3333dd56d5f5) Importer(815301076,1909f56bfc062723c751e8b465ee728b)
Start importing Assets/Mesh/ramp_0.asset using Guid(7b3c91ad4731f6f44bcb3333dd56d5f5) Importer(815301076,1909f56bfc062723c751e8b465ee728b) (PreviewImporter) -> (artifact id: '89d77f2fc9c439bde747ad950c18cf73') in 0.020043663 seconds
Number of updated asset objects reloaded before import = 0Number of asset objects unloaded after import = 2

========================================================================
Received Import Request.
  Time since last request: 0.000040 seconds.
  path: Assets/Mesh/reflective.asset
  artifactKey: Guid(083131307adcdce4b8117f92bca3c84c) Importer(815301076,1909f56bfc062723c751e8b465ee728b)
Start importing Assets/Mesh/reflective.asset using Guid(083131307adcdce4b8117f92bca3c84c) Importer(815301076,1909f56bfc062723c751e8b465ee728b) (PreviewImporter) -> (artifact id: '3d5cb73cfdc5f03f2da39854d2d72f22') in 0.006603395 seconds
Number of updated asset objects reloaded before import = 0Number of asset objects unloaded after import = 2

========================================================================
Received Import Request.
  Time since last request: 0.000077 seconds.
  path: Assets/Mesh/rectangle_pedestal3.asset
  artifactKey: Guid(8182c43921d283646bf4123b9803696d) Importer(815301076,1909f56bfc062723c751e8b465ee728b)
Start importing Assets/Mesh/rectangle_pedestal3.asset using Guid(8182c43921d283646bf4123b9803696d) Importer(815301076,1909f56bfc062723c751e8b465ee728b) (PreviewImporter) -> (artifact id: 'd7060f807b93bd88f774dfa3b4ff217e') in 0.004139794 seconds
Number of updated asset objects reloaded before import = 0Number of asset objects unloaded after import = 2

========================================================================
Received Import Request.
  Time since last request: 0.009283 seconds.
  path: Assets/Mesh/rolling_drawers_02.asset
  artifactKey: Guid(3138a7625c34b184683daf95b5d21acf) Importer(815301076,1909f56bfc062723c751e8b465ee728b)
Start importing Assets/Mesh/rolling_drawers_02.asset using Guid(3138a7625c34b184683daf95b5d21acf) Importer(815301076,1909f56bfc062723c751e8b465ee728b) (PreviewImporter) -> (artifact id: '1d53329e6e494c70d1d9c1daed739ea9') in 0.00546995 seconds
Number of updated asset objects reloaded before import = 0Number of asset objects unloaded after import = 2

========================================================================
Received Import Request.
  Time since last request: 0.000048 seconds.
  path: Assets/Mesh/roman_child_bust.asset
  artifactKey: Guid(6afe3d079c150344c9d200713aa49c0c) Importer(815301076,1909f56bfc062723c751e8b465ee728b)
Start importing Assets/Mesh/roman_child_bust.asset using Guid(6afe3d079c150344c9d200713aa49c0c) Importer(815301076,1909f56bfc062723c751e8b465ee728b) (PreviewImporter) -> (artifact id: 'a5047c69b0e98a8c2fbfc1f051a62d68') in 0.007385162 seconds
Number of updated asset objects reloaded before import = 0Number of asset objects unloaded after import = 2

========================================================================
Received Import Request.
  Time since last request: 0.000057 seconds.
  path: Assets/Mesh/roman_meleager_fragment.asset
  artifactKey: Guid(be3b511cd827d5442968fb4c39e9297c) Importer(815301076,1909f56bfc062723c751e8b465ee728b)
Start importing Assets/Mesh/roman_meleager_fragment.asset using Guid(be3b511cd827d5442968fb4c39e9297c) Importer(815301076,1909f56bfc062723c751e8b465ee728b) (PreviewImporter) -> (artifact id: '38b23ed35c1a6a349d73de7433c83db3') in 0.007602639 seconds
Number of updated asset objects reloaded before import = 0Number of asset objects unloaded after import = 2

========================================================================
Received Import Request.
  Time since last request: 0.000095 seconds.
  path: Assets/Mesh/roman_woman_bust.asset
  artifactKey: Guid(c05dfa63456dd384188d893b30476c03) Importer(815301076,1909f56bfc062723c751e8b465ee728b)
Start importing Assets/Mesh/roman_woman_bust.asset using Guid(c05dfa63456dd384188d893b30476c03) Importer(815301076,1909f56bfc062723c751e8b465ee728b) (PreviewImporter) -> (artifact id: '1b7b528be818dd099db6fd3eddc867ca') in 0.006244943 seconds
Number of updated asset objects reloaded before import = 0Number of asset objects unloaded after import = 2

========================================================================
Received Import Request.
  Time since last request: 0.000062 seconds.
  path: Assets/Mesh/Roof_1 (4).asset
  artifactKey: Guid(1de21e2c64574154994e08d2bdeb9012) Importer(815301076,1909f56bfc062723c751e8b465ee728b)
Start importing Assets/Mesh/Roof_1 (4).asset using Guid(1de21e2c64574154994e08d2bdeb9012) Importer(815301076,1909f56bfc062723c751e8b465ee728b) (PreviewImporter) -> (artifact id: 'f124f6a98765e1fced3dfc8f564b5174') in 0.006628221 seconds
Number of updated asset objects reloaded before import = 0Number of asset objects unloaded after import = 2

========================================================================
Received Import Request.
  Time since last request: 0.000075 seconds.
  path: Assets/Mesh/Roof_1_window.asset
  artifactKey: Guid(beefdf1ef3f8adf48bb94101d2786e8f) Importer(815301076,1909f56bfc062723c751e8b465ee728b)
Start importing Assets/Mesh/Roof_1_window.asset using Guid(beefdf1ef3f8adf48bb94101d2786e8f) Importer(815301076,1909f56bfc062723c751e8b465ee728b) (PreviewImporter) -> (artifact id: 'cfa9c881c6291c95f3c9f54e6ab08d97') in 0.006052071 seconds
Number of updated asset objects reloaded before import = 0Number of asset objects unloaded after import = 2

========================================================================
Received Import Request.
  Time since last request: 0.000085 seconds.
  path: Assets/Mesh/Roof_1_window (7).asset
  artifactKey: Guid(81103464ad3c7b04dbc96e5211780601) Importer(815301076,1909f56bfc062723c751e8b465ee728b)
Start importing Assets/Mesh/Roof_1_window (7).asset using Guid(81103464ad3c7b04dbc96e5211780601) Importer(815301076,1909f56bfc062723c751e8b465ee728b) (PreviewImporter) -> (artifact id: '1dd2de21857d885f7cca6e4782e94d10') in 0.004162838 seconds
Number of updated asset objects reloaded before import = 0Number of asset objects unloaded after import = 2

========================================================================
Received Import Request.
  Time since last request: 0.000061 seconds.
  path: Assets/Mesh/Roof_1_window (12).asset
  artifactKey: Guid(0439ab56f2dd6be4fb05fdb18f4c3ccf) Importer(815301076,1909f56bfc062723c751e8b465ee728b)
Start importing Assets/Mesh/Roof_1_window (12).asset using Guid(0439ab56f2dd6be4fb05fdb18f4c3ccf) Importer(815301076,1909f56bfc062723c751e8b465ee728b) (PreviewImporter) -> (artifact id: 'd54d37bf36c7c966b885a51d8cb8f10a') in 0.007314979 seconds
Number of updated asset objects reloaded before import = 0Number of asset objects unloaded after import = 2

========================================================================
Received Import Request.
  Time since last request: 0.000070 seconds.
  path: Assets/Mesh/Roof_2 (4).asset
  artifactKey: Guid(9c29d05eaa24f6846bb5df10e8b06072) Importer(815301076,1909f56bfc062723c751e8b465ee728b)
Start importing Assets/Mesh/Roof_2 (4).asset using Guid(9c29d05eaa24f6846bb5df10e8b06072) Importer(815301076,1909f56bfc062723c751e8b465ee728b) (PreviewImporter) -> (artifact id: 'd432e581c384122e77ce5f24a19642ee') in 0.004098247 seconds
Number of updated asset objects reloaded before import = 0Number of asset objects unloaded after import = 2

========================================================================
Received Import Request.
  Time since last request: 0.000106 seconds.
  path: Assets/Mesh/Roof_2 (9).asset
  artifactKey: Guid(ea7a9c6860201b7479004ee64b9e35e6) Importer(815301076,1909f56bfc062723c751e8b465ee728b)
Start importing Assets/Mesh/Roof_2 (9).asset using Guid(ea7a9c6860201b7479004ee64b9e35e6) Importer(815301076,1909f56bfc062723c751e8b465ee728b) (PreviewImporter) -> (artifact id: '0e162f635c1975fe647eff407e64d862') in 0.004468411 seconds
Number of updated asset objects reloaded before import = 0Number of asset objects unloaded after import = 2

========================================================================
Received Import Request.
  Time since last request: 0.000078 seconds.
  path: Assets/Mesh/Roof_2 (5).asset
  artifactKey: Guid(d69fcc53a4b13d048940a7f8ca4220bf) Importer(815301076,1909f56bfc062723c751e8b465ee728b)
Start importing Assets/Mesh/Roof_2 (5).asset using Guid(d69fcc53a4b13d048940a7f8ca4220bf) Importer(815301076,1909f56bfc062723c751e8b465ee728b) (PreviewImporter) -> (artifact id: '65068e4bcdab4cb2352e91667634a32f') in 0.004628661 seconds
Number of updated asset objects reloaded before import = 0Number of asset objects unloaded after import = 2

========================================================================
Received Import Request.
  Time since last request: 0.000138 seconds.
  path: Assets/Mesh/Roof_2 (15).asset
  artifactKey: Guid(d00331be95d7cec4bbfb96edbd7e5656) Importer(815301076,1909f56bfc062723c751e8b465ee728b)
Start importing Assets/Mesh/Roof_2 (15).asset using Guid(d00331be95d7cec4bbfb96edbd7e5656) Importer(815301076,1909f56bfc062723c751e8b465ee728b) (PreviewImporter) -> (artifact id: 'de8104dcf7a6ff8872ed8eafddf2f7e3') in 0.003768117 seconds
Number of updated asset objects reloaded before import = 0Number of asset objects unloaded after import = 2

========================================================================
Received Import Request.
  Time since last request: 0.000095 seconds.
  path: Assets/Mesh/Roof_2_window_1 (7).asset
  artifactKey: Guid(eeb9184aef2669046a4464d3109e24dd) Importer(815301076,1909f56bfc062723c751e8b465ee728b)
Start importing Assets/Mesh/Roof_2_window_1 (7).asset using Guid(eeb9184aef2669046a4464d3109e24dd) Importer(815301076,1909f56bfc062723c751e8b465ee728b) (PreviewImporter) -> (artifact id: '54a9451131177d51f8b1f1e1640bdcfc') in 0.005804968 seconds
Number of updated asset objects reloaded before import = 0Number of asset objects unloaded after import = 2

========================================================================
Received Import Request.
  Time since last request: 0.000081 seconds.
  path: Assets/Mesh/Roof_2 (13).asset
  artifactKey: Guid(971278d9180d4484f8800bc463c914e0) Importer(815301076,1909f56bfc062723c751e8b465ee728b)
Start importing Assets/Mesh/Roof_2 (13).asset using Guid(971278d9180d4484f8800bc463c914e0) Importer(815301076,1909f56bfc062723c751e8b465ee728b) (PreviewImporter) -> (artifact id: '9d4a82e519e2dc26f29c3713d7341273') in 0.005203509 seconds
Number of updated asset objects reloaded before import = 0Number of asset objects unloaded after import = 2

========================================================================
Received Import Request.
  Time since last request: 0.000168 seconds.
  path: Assets/Mesh/Roof_2_window_1 (15).asset
  artifactKey: Guid(747f4530600fa6a4691afaba7e9d1dc9) Importer(815301076,1909f56bfc062723c751e8b465ee728b)
Start importing Assets/Mesh/Roof_2_window_1 (15).asset using Guid(747f4530600fa6a4691afaba7e9d1dc9) Importer(815301076,1909f56bfc062723c751e8b465ee728b) (PreviewImporter) -> (artifact id: '2285b0ae30f803db1e430517cbec40df') in 0.006324432 seconds
Number of updated asset objects reloaded before import = 0Number of asset objects unloaded after import = 2

========================================================================
Received Import Request.
  Time since last request: 0.000088 seconds.
  path: Assets/Mesh/Roof_2_window_2 (4).asset
  artifactKey: Guid(1d76ad612c8a606498e1bc4012dcb294) Importer(815301076,1909f56bfc062723c751e8b465ee728b)
Start importing Assets/Mesh/Roof_2_window_2 (4).asset using Guid(1d76ad612c8a606498e1bc4012dcb294) Importer(815301076,1909f56bfc062723c751e8b465ee728b) (PreviewImporter) -> (artifact id: 'df5aadc00591651360b847de3e61fd99') in 0.005841637 seconds
Number of updated asset objects reloaded before import = 0Number of asset objects unloaded after import = 2

========================================================================
Received Import Request.
  Time since last request: 0.000248 seconds.
  path: Assets/Mesh/Roof_2_window_1 (4).asset
  artifactKey: Guid(c607a05ea60659f499176f1115f3ae22) Importer(815301076,1909f56bfc062723c751e8b465ee728b)
Start importing Assets/Mesh/Roof_2_window_1 (4).asset using Guid(c607a05ea60659f499176f1115f3ae22) Importer(815301076,1909f56bfc062723c751e8b465ee728b) (PreviewImporter) -> (artifact id: '41be3a73512654d6e57fde5beb3739c6') in 0.007286657 seconds
Number of updated asset objects reloaded before import = 0Number of asset objects unloaded after import = 2

========================================================================
Received Import Request.
  Time since last request: 0.000043 seconds.
  path: Assets/Mesh/Roof_1 (10).asset
  artifactKey: Guid(6eb4651c151e94a498bae533a206532f) Importer(815301076,1909f56bfc062723c751e8b465ee728b)
Start importing Assets/Mesh/Roof_1 (10).asset using Guid(6eb4651c151e94a498bae533a206532f) Importer(815301076,1909f56bfc062723c751e8b465ee728b) (PreviewImporter) -> (artifact id: '11373abd3974be7da7b542098bdf656d') in 0.005027249 seconds
Number of updated asset objects reloaded before import = 0Number of asset objects unloaded after import = 2

========================================================================
Received Import Request.
  Time since last request: 0.000064 seconds.
  path: Assets/Mesh/Roof_1_window (2).asset
  artifactKey: Guid(9d69f730038ead445889ba643e68083b) Importer(815301076,1909f56bfc062723c751e8b465ee728b)
Start importing Assets/Mesh/Roof_1_window (2).asset using Guid(9d69f730038ead445889ba643e68083b) Importer(815301076,1909f56bfc062723c751e8b465ee728b) (PreviewImporter) -> (artifact id: '0f7e9b4395f09cf3d9eaabc4e725ea46') in 0.005382285 seconds
Number of updated asset objects reloaded before import = 0Number of asset objects unloaded after import = 2

========================================================================
Received Import Request.
  Time since last request: 0.000071 seconds.
  path: Assets/Mesh/Roof_2_window_1 (16).asset
  artifactKey: Guid(c20bc2c6846ab0e4f92f5491ba057669) Importer(815301076,1909f56bfc062723c751e8b465ee728b)
Start importing Assets/Mesh/Roof_2_window_1 (16).asset using Guid(c20bc2c6846ab0e4f92f5491ba057669) Importer(815301076,1909f56bfc062723c751e8b465ee728b) (PreviewImporter) -> (artifact id: 'b1df5673c8b01689974aeeea93734e6c') in 0.005593411 seconds
Number of updated asset objects reloaded before import = 0Number of asset objects unloaded after import = 2

========================================================================
Received Import Request.
  Time since last request: 0.000042 seconds.
  path: Assets/Mesh/Roof_2 (10).asset
  artifactKey: Guid(c0d9e5cf549a1ee4f9c1dc48c5e0eb5b) Importer(815301076,1909f56bfc062723c751e8b465ee728b)
Start importing Assets/Mesh/Roof_2 (10).asset using Guid(c0d9e5cf549a1ee4f9c1dc48c5e0eb5b) Importer(815301076,1909f56bfc062723c751e8b465ee728b) (PreviewImporter) -> (artifact id: 'a2c23f6a0853f8da7c31f698c26b440c') in 0.004428416 seconds
Number of updated asset objects reloaded before import = 0Number of asset objects unloaded after import = 2

========================================================================
Received Import Request.
  Time since last request: 0.000045 seconds.
  path: Assets/Mesh/Roof_1_window (13).asset
  artifactKey: Guid(dfd84b9adcc2d8a47ab39ece7e95c9fe) Importer(815301076,1909f56bfc062723c751e8b465ee728b)
Start importing Assets/Mesh/Roof_1_window (13).asset using Guid(dfd84b9adcc2d8a47ab39ece7e95c9fe) Importer(815301076,1909f56bfc062723c751e8b465ee728b) (PreviewImporter) -> (artifact id: '10aa0f24c5c88fc2d2e5d29ae534a59a') in 0.004682843 seconds
Number of updated asset objects reloaded before import = 0Number of asset objects unloaded after import = 2

========================================================================
Received Import Request.
  Time since last request: 0.000058 seconds.
  path: Assets/Mesh/Roof_2 (16).asset
  artifactKey: Guid(5cc743eb223f4fc4396e37e8e4d9f6e1) Importer(815301076,1909f56bfc062723c751e8b465ee728b)
Start importing Assets/Mesh/Roof_2 (16).asset using Guid(5cc743eb223f4fc4396e37e8e4d9f6e1) Importer(815301076,1909f56bfc062723c751e8b465ee728b) (PreviewImporter) -> (artifact id: 'b8c26bd38c826ca01f6110a5d0c0b942') in 0.005733183 seconds
Number of updated asset objects reloaded before import = 0Number of asset objects unloaded after import = 2

========================================================================
Received Import Request.
  Time since last request: 0.000127 seconds.
  path: Assets/Mesh/Roof_2_window_2 (2).asset
  artifactKey: Guid(670dcb3b45378e24e80b8537560a101c) Importer(815301076,1909f56bfc062723c751e8b465ee728b)
Start importing Assets/Mesh/Roof_2_window_2 (2).asset using Guid(670dcb3b45378e24e80b8537560a101c) Importer(815301076,1909f56bfc062723c751e8b465ee728b) (PreviewImporter) -> (artifact id: '64bcc111afc1eb5b9ce5f06883406fd1') in 0.005965569 seconds
Number of updated asset objects reloaded before import = 0Number of asset objects unloaded after import = 2

========================================================================
Received Import Request.
  Time since last request: 0.000088 seconds.
  path: Assets/Mesh/Roof_2 (2).asset
  artifactKey: Guid(2113b6ade7377ab459289beeb8f3a759) Importer(815301076,1909f56bfc062723c751e8b465ee728b)
Start importing Assets/Mesh/Roof_2 (2).asset using Guid(2113b6ade7377ab459289beeb8f3a759) Importer(815301076,1909f56bfc062723c751e8b465ee728b) (PreviewImporter) -> (artifact id: '35abfe413caecaf21c81692717270d40') in 0.003837798 seconds
Number of updated asset objects reloaded before import = 0Number of asset objects unloaded after import = 2

========================================================================
Received Import Request.
  Time since last request: 0.000070 seconds.
  path: Assets/Mesh/Roof_1 (7).asset
  artifactKey: Guid(b3b7c1e9832beee4890eb2c9d710e464) Importer(815301076,1909f56bfc062723c751e8b465ee728b)
Start importing Assets/Mesh/Roof_1 (7).asset using Guid(b3b7c1e9832beee4890eb2c9d710e464) Importer(815301076,1909f56bfc062723c751e8b465ee728b) (PreviewImporter) -> (artifact id: '4450403d471284bfdbc62eb714c25bb2') in 0.003349863 seconds
Number of updated asset objects reloaded before import = 0Number of asset objects unloaded after import = 2

========================================================================
Received Import Request.
  Time since last request: 0.000051 seconds.
  path: Assets/Mesh/Roof_1_window (8).asset
  artifactKey: Guid(410b51c2a43af7746b5590e817a36f0a) Importer(815301076,1909f56bfc062723c751e8b465ee728b)
Start importing Assets/Mesh/Roof_1_window (8).asset using Guid(410b51c2a43af7746b5590e817a36f0a) Importer(815301076,1909f56bfc062723c751e8b465ee728b) (PreviewImporter) -> (artifact id: 'bc741329446eebbcd2246d49deac0558') in 0.003564626 seconds
Number of updated asset objects reloaded before import = 0Number of asset objects unloaded after import = 2

========================================================================
Received Import Request.
  Time since last request: 0.000165 seconds.
  path: Assets/Mesh/Roof_1_window (3).asset
  artifactKey: Guid(cd3dc7f2569de3245aa61a70f0fc7ed4) Importer(815301076,1909f56bfc062723c751e8b465ee728b)
Start importing Assets/Mesh/Roof_1_window (3).asset using Guid(cd3dc7f2569de3245aa61a70f0fc7ed4) Importer(815301076,1909f56bfc062723c751e8b465ee728b) (PreviewImporter) -> (artifact id: 'f14e446654c6e7a8cfdfc2687595844e') in 0.004580921 seconds
Number of updated asset objects reloaded before import = 0Number of asset objects unloaded after import = 2

========================================================================
Received Import Request.
  Time since last request: 0.000067 seconds.
  path: Assets/Mesh/Roof_1_window (14).asset
  artifactKey: Guid(053ea092f3868594d8e926264acaaa87) Importer(815301076,1909f56bfc062723c751e8b465ee728b)
Start importing Assets/Mesh/Roof_1_window (14).asset using Guid(053ea092f3868594d8e926264acaaa87) Importer(815301076,1909f56bfc062723c751e8b465ee728b) (PreviewImporter) -> (artifact id: '18fff1bdbc067fb1da3d3561bf13efcb') in 0.007827992 seconds
Number of updated asset objects reloaded before import = 0Number of asset objects unloaded after import = 2

========================================================================
Received Import Request.
  Time since last request: 0.000026 seconds.
  path: Assets/Mesh/Roof_1 (11).asset
  artifactKey: Guid(198f91d3f7f727d46911c41049c30573) Importer(815301076,1909f56bfc062723c751e8b465ee728b)
Start importing Assets/Mesh/Roof_1 (11).asset using Guid(198f91d3f7f727d46911c41049c30573) Importer(815301076,1909f56bfc062723c751e8b465ee728b) (PreviewImporter) -> (artifact id: 'b56fc8f53f620ce17008a5674ff6723f') in 0.004371449 seconds
Number of updated asset objects reloaded before import = 0Number of asset objects unloaded after import = 2

Editor requested this worker to shutdown with reason: Scaling down because of idle timeout
AssetImportWorker is now disconnected from the server
Process exiting

SDL leaked 2 allocations
Internal: Possible leak. All render target surfaces should be removed from IdMap when destructed using RenderTargetMap::Remove(RenderSurfaceBase* rs).
 #0 PlatformStacktrace::GetStacktrace(int)
 #1 Stacktrace::GetStacktrace(int)
 #2 DebugStringToFile(DebugStringToFileData const&)
 #3 AssertImplementation(char const*, int, int, char const*, EntityId)
 #4 RenderTargetMap::Cleanup()
 #5 DestroyGfxDevice()
 #6 DoQuitEditorWithExitCode(int, bool)
 #7 RunAssetImporterV2()
 #8 Application::InitializeProject()
 #9 InitializeUnity(void*)
 #10 ???
 #11 ???
 #12 ???
 #13 g_main_loop_run
 #14 gtk_main
 #15 main
 #16 __libc_start_call_main
 #17 __libc_start_main_alias_2
 #18 ???

